This is pdfTeX, Version 3.141592653-2.6-1.40.24 (TeX Live 2022) (preloaded format=pdflatex 2023.2.21)  3 FEB 2025 12:21
entering extended mode
 restricted \write18 enabled.
 %&-line parsing enabled.
**slides.tex
(.//slides.tex
LaTeX2e <2021-11-15> patch level 1
L3 programming layer <2022-02-24>
(/Volumes/Macintosh HD - Daten/usr/local/texlive/2022/texmf-dist/tex/latex/beam
er/beamer.cls
Document Class: beamer 2022/02/08 v3.66 A class for typesetting presentations

(/Volumes/Macintosh HD - Daten/usr/local/texlive/2022/texmf-dist/tex/latex/beam
er/beamerbasemodes.sty
(/Volumes/Macintosh HD - Daten/usr/local/texlive/2022/texmf-dist/tex/latex/etoo
lbox/etoolbox.sty
Package: etoolbox 2020/10/05 v2.5k e-TeX tools for LaTeX (JAW)
\etb@tempcnta=\count185
)
\beamer@tempbox=\box50
\beamer@tempcount=\count186
\c@beamerpauses=\count187

(/Volumes/Macintosh HD - Daten/usr/local/texlive/2022/texmf-dist/tex/latex/beam
er/beamerbasedecode.sty
\beamer@slideinframe=\count188
\beamer@minimum=\count189
\beamer@decode@box=\box51
)
\beamer@commentbox=\box52
\beamer@modecount=\count190
)
(/Volumes/Macintosh HD - Daten/usr/local/texlive/2022/texmf-dist/tex/generic/if
tex/iftex.sty
Package: iftex 2022/02/03 v1.0f TeX engine tests
)
\headdp=\dimen138
\footheight=\dimen139
\sidebarheight=\dimen140
\beamer@tempdim=\dimen141
\beamer@finalheight=\dimen142
\beamer@animht=\dimen143
\beamer@animdp=\dimen144
\beamer@animwd=\dimen145
\beamer@leftmargin=\dimen146
\beamer@rightmargin=\dimen147
\beamer@leftsidebar=\dimen148
\beamer@rightsidebar=\dimen149
\beamer@boxsize=\dimen150
\beamer@vboxoffset=\dimen151
\beamer@descdefault=\dimen152
\beamer@descriptionwidth=\dimen153
\beamer@lastskip=\skip47
\beamer@areabox=\box53
\beamer@animcurrent=\box54
\beamer@animshowbox=\box55
\beamer@sectionbox=\box56
\beamer@logobox=\box57
\beamer@linebox=\box58
\beamer@sectioncount=\count191
\beamer@subsubsectionmax=\count192
\beamer@subsectionmax=\count193
\beamer@sectionmax=\count194
\beamer@totalheads=\count195
\beamer@headcounter=\count196
\beamer@partstartpage=\count197
\beamer@sectionstartpage=\count198
\beamer@subsectionstartpage=\count199
\beamer@animationtempa=\count266
\beamer@animationtempb=\count267
\beamer@xpos=\count268
\beamer@ypos=\count269
\beamer@ypos@offset=\count270
\beamer@showpartnumber=\count271
\beamer@currentsubsection=\count272
\beamer@coveringdepth=\count273
\beamer@sectionadjust=\count274
\beamer@toclastsection=\count275
\beamer@tocsectionnumber=\count276

(/Volumes/Macintosh HD - Daten/usr/local/texlive/2022/texmf-dist/tex/latex/beam
er/beamerbaseoptions.sty
(/Volumes/Macintosh HD - Daten/usr/local/texlive/2022/texmf-dist/tex/latex/grap
hics/keyval.sty
Package: keyval 2014/10/28 v1.15 key=value parser (DPC)
\KV@toks@=\toks16
))
\beamer@paperwidth=\skip48
\beamer@paperheight=\skip49

(/Volumes/Macintosh HD - Daten/usr/local/texlive/2022/texmf-dist/tex/latex/geom
etry/geometry.sty
Package: geometry 2020/01/02 v5.9 Page Geometry

(/Volumes/Macintosh HD - Daten/usr/local/texlive/2022/texmf-dist/tex/generic/if
tex/ifvtex.sty
Package: ifvtex 2019/10/25 v1.7 ifvtex legacy package. Use iftex instead.
)
\Gm@cnth=\count277
\Gm@cntv=\count278
\c@Gm@tempcnt=\count279
\Gm@bindingoffset=\dimen154
\Gm@wd@mp=\dimen155
\Gm@odd@mp=\dimen156
\Gm@even@mp=\dimen157
\Gm@layoutwidth=\dimen158
\Gm@layoutheight=\dimen159
\Gm@layouthoffset=\dimen160
\Gm@layoutvoffset=\dimen161
\Gm@dimlist=\toks17
)
(/Volumes/Macintosh HD - Daten/usr/local/texlive/2022/texmf-dist/tex/latex/pgf/
math/pgfmath.sty
(/Volumes/Macintosh HD - Daten/usr/local/texlive/2022/texmf-dist/tex/latex/pgf/
utilities/pgfrcs.sty
(/Volumes/Macintosh HD - Daten/usr/local/texlive/2022/texmf-dist/tex/generic/pg
f/utilities/pgfutil-common.tex
\pgfutil@everybye=\toks18
\pgfutil@tempdima=\dimen162
\pgfutil@tempdimb=\dimen163

(/Volumes/Macintosh HD - Daten/usr/local/texlive/2022/texmf-dist/tex/generic/pg
f/utilities/pgfutil-common-lists.tex))
(/Volumes/Macintosh HD - Daten/usr/local/texlive/2022/texmf-dist/tex/generic/pg
f/utilities/pgfutil-latex.def
\pgfutil@abb=\box59
)
(/Volumes/Macintosh HD - Daten/usr/local/texlive/2022/texmf-dist/tex/generic/pg
f/utilities/pgfrcs.code.tex
(/Volumes/Macintosh HD - Daten/usr/local/texlive/2022/texmf-dist/tex/generic/pg
f/pgf.revision.tex)
Package: pgfrcs 2021/05/15 v3.1.9a (3.1.9a)
))
(/Volumes/Macintosh HD - Daten/usr/local/texlive/2022/texmf-dist/tex/latex/pgf/
utilities/pgfkeys.sty
(/Volumes/Macintosh HD - Daten/usr/local/texlive/2022/texmf-dist/tex/generic/pg
f/utilities/pgfkeys.code.tex
\pgfkeys@pathtoks=\toks19
\pgfkeys@temptoks=\toks20

(/Volumes/Macintosh HD - Daten/usr/local/texlive/2022/texmf-dist/tex/generic/pg
f/utilities/pgfkeysfiltered.code.tex
\pgfkeys@tmptoks=\toks21
)))
(/Volumes/Macintosh HD - Daten/usr/local/texlive/2022/texmf-dist/tex/generic/pg
f/math/pgfmath.code.tex
(/Volumes/Macintosh HD - Daten/usr/local/texlive/2022/texmf-dist/tex/generic/pg
f/math/pgfmathcalc.code.tex
(/Volumes/Macintosh HD - Daten/usr/local/texlive/2022/texmf-dist/tex/generic/pg
f/math/pgfmathutil.code.tex
\pgf@x=\dimen164
\pgf@xa=\dimen165
\pgf@xb=\dimen166
\pgf@xc=\dimen167
\pgf@y=\dimen168
\pgf@ya=\dimen169
\pgf@yb=\dimen170
\pgf@yc=\dimen171
\c@pgf@counta=\count280
\c@pgf@countb=\count281
\c@pgf@countc=\count282
\c@pgf@countd=\count283
)
(/Volumes/Macintosh HD - Daten/usr/local/texlive/2022/texmf-dist/tex/generic/pg
f/math/pgfmathparser.code.tex
\pgfmath@dimen=\dimen172
\pgfmath@count=\count284
\pgfmath@box=\box60
\pgfmath@toks=\toks22
\pgfmath@stack@operand=\toks23
\pgfmath@stack@operation=\toks24
)
(/Volumes/Macintosh HD - Daten/usr/local/texlive/2022/texmf-dist/tex/generic/pg
f/math/pgfmathfunctions.code.tex
(/Volumes/Macintosh HD - Daten/usr/local/texlive/2022/texmf-dist/tex/generic/pg
f/math/pgfmathfunctions.basic.code.tex)
(/Volumes/Macintosh HD - Daten/usr/local/texlive/2022/texmf-dist/tex/generic/pg
f/math/pgfmathfunctions.trigonometric.code.tex)
(/Volumes/Macintosh HD - Daten/usr/local/texlive/2022/texmf-dist/tex/generic/pg
f/math/pgfmathfunctions.random.code.tex)
(/Volumes/Macintosh HD - Daten/usr/local/texlive/2022/texmf-dist/tex/generic/pg
f/math/pgfmathfunctions.comparison.code.tex)
(/Volumes/Macintosh HD - Daten/usr/local/texlive/2022/texmf-dist/tex/generic/pg
f/math/pgfmathfunctions.base.code.tex)
(/Volumes/Macintosh HD - Daten/usr/local/texlive/2022/texmf-dist/tex/generic/pg
f/math/pgfmathfunctions.round.code.tex)
(/Volumes/Macintosh HD - Daten/usr/local/texlive/2022/texmf-dist/tex/generic/pg
f/math/pgfmathfunctions.misc.code.tex)
(/Volumes/Macintosh HD - Daten/usr/local/texlive/2022/texmf-dist/tex/generic/pg
f/math/pgfmathfunctions.integerarithmetics.code.tex)))
(/Volumes/Macintosh HD - Daten/usr/local/texlive/2022/texmf-dist/tex/generic/pg
f/math/pgfmathfloat.code.tex
\c@pgfmathroundto@lastzeros=\count285
)))
(/Volumes/Macintosh HD - Daten/usr/local/texlive/2022/texmf-dist/tex/latex/base
/size10.clo
File: size10.clo 2021/10/04 v1.4n Standard LaTeX file (size option)
)
(/Volumes/Macintosh HD - Daten/usr/local/texlive/2022/texmf-dist/tex/latex/pgf/
basiclayer/pgfcore.sty
(/Volumes/Macintosh HD - Daten/usr/local/texlive/2022/texmf-dist/tex/latex/grap
hics/graphicx.sty
Package: graphicx 2021/09/16 v1.2d Enhanced LaTeX Graphics (DPC,SPQR)

(/Volumes/Macintosh HD - Daten/usr/local/texlive/2022/texmf-dist/tex/latex/grap
hics/graphics.sty
Package: graphics 2021/03/04 v1.4d Standard LaTeX Graphics (DPC,SPQR)

(/Volumes/Macintosh HD - Daten/usr/local/texlive/2022/texmf-dist/tex/latex/grap
hics/trig.sty
Package: trig 2021/08/11 v1.11 sin cos tan (DPC)
)
(/Volumes/Macintosh HD - Daten/usr/local/texlive/2022/texmf-dist/tex/latex/grap
hics-cfg/graphics.cfg
File: graphics.cfg 2016/06/04 v1.11 sample graphics configuration
)
Package graphics Info: Driver file: pdftex.def on input line 107.

(/Volumes/Macintosh HD - Daten/usr/local/texlive/2022/texmf-dist/tex/latex/grap
hics-def/pdftex.def
File: pdftex.def 2020/10/05 v1.2a Graphics/color driver for pdftex
))
\Gin@req@height=\dimen173
\Gin@req@width=\dimen174
)
(/Volumes/Macintosh HD - Daten/usr/local/texlive/2022/texmf-dist/tex/latex/pgf/
systemlayer/pgfsys.sty
(/Volumes/Macintosh HD - Daten/usr/local/texlive/2022/texmf-dist/tex/generic/pg
f/systemlayer/pgfsys.code.tex
Package: pgfsys 2021/05/15 v3.1.9a (3.1.9a)

(/Volumes/Macintosh HD - Daten/usr/local/texlive/2022/texmf-dist/tex/generic/pg
f/utilities/pgfkeys.code.tex)
\pgf@x=\dimen175
\pgf@y=\dimen176
\pgf@xa=\dimen177
\pgf@ya=\dimen178
\pgf@xb=\dimen179
\pgf@yb=\dimen180
\pgf@xc=\dimen181
\pgf@yc=\dimen182
\pgf@xd=\dimen183
\pgf@yd=\dimen184
\w@pgf@writea=\write3
\r@pgf@reada=\read2
\c@pgf@counta=\count286
\c@pgf@countb=\count287
\c@pgf@countc=\count288
\c@pgf@countd=\count289
\t@pgf@toka=\toks25
\t@pgf@tokb=\toks26
\t@pgf@tokc=\toks27
\pgf@sys@id@count=\count290

(/Volumes/Macintosh HD - Daten/usr/local/texlive/2022/texmf-dist/tex/generic/pg
f/systemlayer/pgf.cfg
File: pgf.cfg 2021/05/15 v3.1.9a (3.1.9a)
)
Driver file for pgf: pgfsys-pdftex.def

(/Volumes/Macintosh HD - Daten/usr/local/texlive/2022/texmf-dist/tex/generic/pg
f/systemlayer/pgfsys-pdftex.def
File: pgfsys-pdftex.def 2021/05/15 v3.1.9a (3.1.9a)

(/Volumes/Macintosh HD - Daten/usr/local/texlive/2022/texmf-dist/tex/generic/pg
f/systemlayer/pgfsys-common-pdf.def
File: pgfsys-common-pdf.def 2021/05/15 v3.1.9a (3.1.9a)
)))
(/Volumes/Macintosh HD - Daten/usr/local/texlive/2022/texmf-dist/tex/generic/pg
f/systemlayer/pgfsyssoftpath.code.tex
File: pgfsyssoftpath.code.tex 2021/05/15 v3.1.9a (3.1.9a)
\pgfsyssoftpath@smallbuffer@items=\count291
\pgfsyssoftpath@bigbuffer@items=\count292
)
(/Volumes/Macintosh HD - Daten/usr/local/texlive/2022/texmf-dist/tex/generic/pg
f/systemlayer/pgfsysprotocol.code.tex
File: pgfsysprotocol.code.tex 2021/05/15 v3.1.9a (3.1.9a)
))
(/Volumes/Macintosh HD - Daten/usr/local/texlive/2022/texmf-dist/tex/latex/xcol
or/xcolor.sty
Package: xcolor 2021/10/31 v2.13 LaTeX color extensions (UK)

(/Volumes/Macintosh HD - Daten/usr/local/texlive/2022/texmf-dist/tex/latex/grap
hics-cfg/color.cfg
File: color.cfg 2016/01/02 v1.6 sample color configuration
)
Package xcolor Info: Driver file: pdftex.def on input line 227.
Package xcolor Info: Model `cmy' substituted by `cmy0' on input line 1352.
Package xcolor Info: Model `hsb' substituted by `rgb' on input line 1356.
Package xcolor Info: Model `RGB' extended on input line 1368.
Package xcolor Info: Model `HTML' substituted by `rgb' on input line 1370.
Package xcolor Info: Model `Hsb' substituted by `hsb' on input line 1371.
Package xcolor Info: Model `tHsb' substituted by `hsb' on input line 1372.
Package xcolor Info: Model `HSB' substituted by `hsb' on input line 1373.
Package xcolor Info: Model `Gray' substituted by `gray' on input line 1374.
Package xcolor Info: Model `wave' substituted by `hsb' on input line 1375.
)
(/Volumes/Macintosh HD - Daten/usr/local/texlive/2022/texmf-dist/tex/generic/pg
f/basiclayer/pgfcore.code.tex
Package: pgfcore 2021/05/15 v3.1.9a (3.1.9a)

(/Volumes/Macintosh HD - Daten/usr/local/texlive/2022/texmf-dist/tex/generic/pg
f/math/pgfmath.code.tex)
(/Volumes/Macintosh HD - Daten/usr/local/texlive/2022/texmf-dist/tex/generic/pg
f/math/pgfint.code.tex)
(/Volumes/Macintosh HD - Daten/usr/local/texlive/2022/texmf-dist/tex/generic/pg
f/basiclayer/pgfcorepoints.code.tex
File: pgfcorepoints.code.tex 2021/05/15 v3.1.9a (3.1.9a)
\pgf@picminx=\dimen185
\pgf@picmaxx=\dimen186
\pgf@picminy=\dimen187
\pgf@picmaxy=\dimen188
\pgf@pathminx=\dimen189
\pgf@pathmaxx=\dimen190
\pgf@pathminy=\dimen191
\pgf@pathmaxy=\dimen192
\pgf@xx=\dimen193
\pgf@xy=\dimen194
\pgf@yx=\dimen195
\pgf@yy=\dimen196
\pgf@zx=\dimen197
\pgf@zy=\dimen198
)
(/Volumes/Macintosh HD - Daten/usr/local/texlive/2022/texmf-dist/tex/generic/pg
f/basiclayer/pgfcorepathconstruct.code.tex
File: pgfcorepathconstruct.code.tex 2021/05/15 v3.1.9a (3.1.9a)
\pgf@path@lastx=\dimen199
\pgf@path@lasty=\dimen256
)
(/Volumes/Macintosh HD - Daten/usr/local/texlive/2022/texmf-dist/tex/generic/pg
f/basiclayer/pgfcorepathusage.code.tex
File: pgfcorepathusage.code.tex 2021/05/15 v3.1.9a (3.1.9a)
\pgf@shorten@end@additional=\dimen257
\pgf@shorten@start@additional=\dimen258
)
(/Volumes/Macintosh HD - Daten/usr/local/texlive/2022/texmf-dist/tex/generic/pg
f/basiclayer/pgfcorescopes.code.tex
File: pgfcorescopes.code.tex 2021/05/15 v3.1.9a (3.1.9a)
\pgfpic=\box61
\pgf@hbox=\box62
\pgf@layerbox@main=\box63
\pgf@picture@serial@count=\count293
)
(/Volumes/Macintosh HD - Daten/usr/local/texlive/2022/texmf-dist/tex/generic/pg
f/basiclayer/pgfcoregraphicstate.code.tex
File: pgfcoregraphicstate.code.tex 2021/05/15 v3.1.9a (3.1.9a)
\pgflinewidth=\dimen259
)
(/Volumes/Macintosh HD - Daten/usr/local/texlive/2022/texmf-dist/tex/generic/pg
f/basiclayer/pgfcoretransformations.code.tex
File: pgfcoretransformations.code.tex 2021/05/15 v3.1.9a (3.1.9a)
\pgf@pt@x=\dimen260
\pgf@pt@y=\dimen261
\pgf@pt@temp=\dimen262
)
(/Volumes/Macintosh HD - Daten/usr/local/texlive/2022/texmf-dist/tex/generic/pg
f/basiclayer/pgfcorequick.code.tex
File: pgfcorequick.code.tex 2021/05/15 v3.1.9a (3.1.9a)
)
(/Volumes/Macintosh HD - Daten/usr/local/texlive/2022/texmf-dist/tex/generic/pg
f/basiclayer/pgfcoreobjects.code.tex
File: pgfcoreobjects.code.tex 2021/05/15 v3.1.9a (3.1.9a)
)
(/Volumes/Macintosh HD - Daten/usr/local/texlive/2022/texmf-dist/tex/generic/pg
f/basiclayer/pgfcorepathprocessing.code.tex
File: pgfcorepathprocessing.code.tex 2021/05/15 v3.1.9a (3.1.9a)
)
(/Volumes/Macintosh HD - Daten/usr/local/texlive/2022/texmf-dist/tex/generic/pg
f/basiclayer/pgfcorearrows.code.tex
File: pgfcorearrows.code.tex 2021/05/15 v3.1.9a (3.1.9a)
\pgfarrowsep=\dimen263
)
(/Volumes/Macintosh HD - Daten/usr/local/texlive/2022/texmf-dist/tex/generic/pg
f/basiclayer/pgfcoreshade.code.tex
File: pgfcoreshade.code.tex 2021/05/15 v3.1.9a (3.1.9a)
\pgf@max=\dimen264
\pgf@sys@shading@range@num=\count294
\pgf@shadingcount=\count295
)
(/Volumes/Macintosh HD - Daten/usr/local/texlive/2022/texmf-dist/tex/generic/pg
f/basiclayer/pgfcoreimage.code.tex
File: pgfcoreimage.code.tex 2021/05/15 v3.1.9a (3.1.9a)

(/Volumes/Macintosh HD - Daten/usr/local/texlive/2022/texmf-dist/tex/generic/pg
f/basiclayer/pgfcoreexternal.code.tex
File: pgfcoreexternal.code.tex 2021/05/15 v3.1.9a (3.1.9a)
\pgfexternal@startupbox=\box64
))
(/Volumes/Macintosh HD - Daten/usr/local/texlive/2022/texmf-dist/tex/generic/pg
f/basiclayer/pgfcorelayers.code.tex
File: pgfcorelayers.code.tex 2021/05/15 v3.1.9a (3.1.9a)
)
(/Volumes/Macintosh HD - Daten/usr/local/texlive/2022/texmf-dist/tex/generic/pg
f/basiclayer/pgfcoretransparency.code.tex
File: pgfcoretransparency.code.tex 2021/05/15 v3.1.9a (3.1.9a)
)
(/Volumes/Macintosh HD - Daten/usr/local/texlive/2022/texmf-dist/tex/generic/pg
f/basiclayer/pgfcorepatterns.code.tex
File: pgfcorepatterns.code.tex 2021/05/15 v3.1.9a (3.1.9a)
)
(/Volumes/Macintosh HD - Daten/usr/local/texlive/2022/texmf-dist/tex/generic/pg
f/basiclayer/pgfcorerdf.code.tex
File: pgfcorerdf.code.tex 2021/05/15 v3.1.9a (3.1.9a)
)))
(/Volumes/Macintosh HD - Daten/usr/local/texlive/2022/texmf-dist/tex/latex/pgf/
utilities/xxcolor.sty
Package: xxcolor 2003/10/24 ver 0.1
\XC@nummixins=\count296
\XC@countmixins=\count297
)
(/Volumes/Macintosh HD - Daten/usr/local/texlive/2022/texmf-dist/tex/latex/base
/atbegshi-ltx.sty
Package: atbegshi-ltx 2021/01/10 v1.0c Emulation of the original atbegshi
package with kernel methods
)
(/Volumes/Macintosh HD - Daten/usr/local/texlive/2022/texmf-dist/tex/latex/hype
rref/hyperref.sty
Package: hyperref 2022-02-21 v7.00n Hypertext links for LaTeX

(/Volumes/Macintosh HD - Daten/usr/local/texlive/2022/texmf-dist/tex/generic/lt
xcmds/ltxcmds.sty
Package: ltxcmds 2020-05-10 v1.25 LaTeX kernel commands for general use (HO)
)
(/Volumes/Macintosh HD - Daten/usr/local/texlive/2022/texmf-dist/tex/generic/pd
ftexcmds/pdftexcmds.sty
Package: pdftexcmds 2020-06-27 v0.33 Utility functions of pdfTeX for LuaTeX (HO
)

(/Volumes/Macintosh HD - Daten/usr/local/texlive/2022/texmf-dist/tex/generic/in
fwarerr/infwarerr.sty
Package: infwarerr 2019/12/03 v1.5 Providing info/warning/error messages (HO)
)
Package pdftexcmds Info: \pdf@primitive is available.
Package pdftexcmds Info: \pdf@ifprimitive is available.
Package pdftexcmds Info: \pdfdraftmode found.
)
(/Volumes/Macintosh HD - Daten/usr/local/texlive/2022/texmf-dist/tex/generic/kv
setkeys/kvsetkeys.sty
Package: kvsetkeys 2019/12/15 v1.18 Key value parser (HO)
)
(/Volumes/Macintosh HD - Daten/usr/local/texlive/2022/texmf-dist/tex/generic/kv
definekeys/kvdefinekeys.sty
Package: kvdefinekeys 2019-12-19 v1.6 Define keys (HO)
)
(/Volumes/Macintosh HD - Daten/usr/local/texlive/2022/texmf-dist/tex/generic/pd
fescape/pdfescape.sty
Package: pdfescape 2019/12/09 v1.15 Implements pdfTeX's escape features (HO)
)
(/Volumes/Macintosh HD - Daten/usr/local/texlive/2022/texmf-dist/tex/latex/hyco
lor/hycolor.sty
Package: hycolor 2020-01-27 v1.10 Color options for hyperref/bookmark (HO)
)
(/Volumes/Macintosh HD - Daten/usr/local/texlive/2022/texmf-dist/tex/latex/letl
txmacro/letltxmacro.sty
Package: letltxmacro 2019/12/03 v1.6 Let assignment for LaTeX macros (HO)
)
(/Volumes/Macintosh HD - Daten/usr/local/texlive/2022/texmf-dist/tex/latex/auxh
ook/auxhook.sty
Package: auxhook 2019-12-17 v1.6 Hooks for auxiliary files (HO)
)
(/Volumes/Macintosh HD - Daten/usr/local/texlive/2022/texmf-dist/tex/latex/kvop
tions/kvoptions.sty
Package: kvoptions 2020-10-07 v3.14 Key value format for package options (HO)
)
\@linkdim=\dimen265
\Hy@linkcounter=\count298
\Hy@pagecounter=\count299

(/Volumes/Macintosh HD - Daten/usr/local/texlive/2022/texmf-dist/tex/latex/hype
rref/pd1enc.def
File: pd1enc.def 2022-02-21 v7.00n Hyperref: PDFDocEncoding definition (HO)
Now handling font encoding PD1 ...
... no UTF-8 mapping file for font encoding PD1
)
(/Volumes/Macintosh HD - Daten/usr/local/texlive/2022/texmf-dist/tex/generic/in
tcalc/intcalc.sty
Package: intcalc 2019/12/15 v1.3 Expandable calculations with integers (HO)
)
(/Volumes/Macintosh HD - Daten/usr/local/texlive/2022/texmf-dist/tex/generic/et
excmds/etexcmds.sty
Package: etexcmds 2019/12/15 v1.7 Avoid name clashes with e-TeX commands (HO)
)
\Hy@SavedSpaceFactor=\count300

(/Volumes/Macintosh HD - Daten/usr/local/texlive/2022/texmf-dist/tex/latex/hype
rref/puenc.def
File: puenc.def 2022-02-21 v7.00n Hyperref: PDF Unicode definition (HO)
Now handling font encoding PU ...
... no UTF-8 mapping file for font encoding PU
)
Package hyperref Info: Option `bookmarks' set `true' on input line 4018.
Package hyperref Info: Option `bookmarksopen' set `true' on input line 4018.
Package hyperref Info: Option `implicit' set `false' on input line 4018.
Package hyperref Info: Hyper figures OFF on input line 4137.
Package hyperref Info: Link nesting OFF on input line 4142.
Package hyperref Info: Hyper index ON on input line 4145.
Package hyperref Info: Plain pages OFF on input line 4152.
Package hyperref Info: Backreferencing OFF on input line 4157.
Package hyperref Info: Implicit mode OFF; no redefinition of LaTeX internals.
Package hyperref Info: Bookmarks ON on input line 4390.
\c@Hy@tempcnt=\count301

(/Volumes/Macintosh HD - Daten/usr/local/texlive/2022/texmf-dist/tex/latex/url/
url.sty
\Urlmuskip=\muskip16
Package: url 2013/09/16  ver 3.4  Verb mode for urls, etc.
)
LaTeX Info: Redefining \url on input line 4749.
\XeTeXLinkMargin=\dimen266

(/Volumes/Macintosh HD - Daten/usr/local/texlive/2022/texmf-dist/tex/generic/bi
tset/bitset.sty
Package: bitset 2019/12/09 v1.3 Handle bit-vector datatype (HO)

(/Volumes/Macintosh HD - Daten/usr/local/texlive/2022/texmf-dist/tex/generic/bi
gintcalc/bigintcalc.sty
Package: bigintcalc 2019/12/15 v1.5 Expandable calculations on big integers (HO
)
))
\Fld@menulength=\count302
\Field@Width=\dimen267
\Fld@charsize=\dimen268
Package hyperref Info: Hyper figures OFF on input line 6027.
Package hyperref Info: Link nesting OFF on input line 6032.
Package hyperref Info: Hyper index ON on input line 6035.
Package hyperref Info: backreferencing OFF on input line 6042.
Package hyperref Info: Link coloring OFF on input line 6047.
Package hyperref Info: Link coloring with OCG OFF on input line 6052.
Package hyperref Info: PDF/A mode OFF on input line 6057.
LaTeX Info: Redefining \ref on input line 6097.
LaTeX Info: Redefining \pageref on input line 6101.
\Hy@abspage=\count303


Package hyperref Message: Stopped early.

)
Package hyperref Info: Driver (autodetected): hpdftex.

(/Volumes/Macintosh HD - Daten/usr/local/texlive/2022/texmf-dist/tex/latex/hype
rref/hpdftex.def
File: hpdftex.def 2022-02-21 v7.00n Hyperref driver for pdfTeX

(/Volumes/Macintosh HD - Daten/usr/local/texlive/2022/texmf-dist/tex/latex/base
/atveryend-ltx.sty
Package: atveryend-ltx 2020/08/19 v1.0a Emulation of the original atveryend pac
kage
with kernel methods
)
\Fld@listcount=\count304
\c@bookmark@seq@number=\count305

(/Volumes/Macintosh HD - Daten/usr/local/texlive/2022/texmf-dist/tex/latex/reru
nfilecheck/rerunfilecheck.sty
Package: rerunfilecheck 2019/12/05 v1.9 Rerun checks for auxiliary files (HO)

(/Volumes/Macintosh HD - Daten/usr/local/texlive/2022/texmf-dist/tex/generic/un
iquecounter/uniquecounter.sty
Package: uniquecounter 2019/12/15 v1.4 Provide unlimited unique counter (HO)
)
Package uniquecounter Info: New unique counter `rerunfilecheck' on input line 2
86.
))
(/Volumes/Macintosh HD - Daten/usr/local/texlive/2022/texmf-dist/tex/latex/beam
er/beamerbaserequires.sty
(/Volumes/Macintosh HD - Daten/usr/local/texlive/2022/texmf-dist/tex/latex/beam
er/beamerbasecompatibility.sty)
(/Volumes/Macintosh HD - Daten/usr/local/texlive/2022/texmf-dist/tex/latex/beam
er/beamerbasefont.sty
(/Volumes/Macintosh HD - Daten/usr/local/texlive/2022/texmf-dist/tex/latex/amsf
onts/amssymb.sty
Package: amssymb 2013/01/14 v3.01 AMS font symbols

(/Volumes/Macintosh HD - Daten/usr/local/texlive/2022/texmf-dist/tex/latex/amsf
onts/amsfonts.sty
Package: amsfonts 2013/01/14 v3.01 Basic AMSFonts support
\@emptytoks=\toks28
\symAMSa=\mathgroup4
\symAMSb=\mathgroup5
LaTeX Font Info:    Redeclaring math symbol \hbar on input line 98.
LaTeX Font Info:    Overwriting math alphabet `\mathfrak' in version `bold'
(Font)                  U/euf/m/n --> U/euf/b/n on input line 106.
))
(/Volumes/Macintosh HD - Daten/usr/local/texlive/2022/texmf-dist/tex/latex/sans
mathaccent/sansmathaccent.sty
Package: sansmathaccent 2020/01/31

(/Volumes/Macintosh HD - Daten/usr/local/texlive/2022/texmf-dist/tex/latex/koma
-script/scrlfile.sty
Package: scrlfile 2021/11/13 v3.35 KOMA-Script package (file load hooks)

(/Volumes/Macintosh HD - Daten/usr/local/texlive/2022/texmf-dist/tex/latex/koma
-script/scrlfile-hook.sty
Package: scrlfile-hook 2021/11/13 v3.35 KOMA-Script package (using LaTeX hooks)


(/Volumes/Macintosh HD - Daten/usr/local/texlive/2022/texmf-dist/tex/latex/koma
-script/scrlogo.sty
Package: scrlogo 2021/11/13 v3.35 KOMA-Script package (logo)
)))))
(/Volumes/Macintosh HD - Daten/usr/local/texlive/2022/texmf-dist/tex/latex/beam
er/beamerbasetranslator.sty
(/Volumes/Macintosh HD - Daten/usr/local/texlive/2022/texmf-dist/tex/latex/tran
slator/translator.sty
Package: translator 2021-05-31 v1.12d Easy translation of strings in LaTeX
))
(/Volumes/Macintosh HD - Daten/usr/local/texlive/2022/texmf-dist/tex/latex/beam
er/beamerbasemisc.sty)
(/Volumes/Macintosh HD - Daten/usr/local/texlive/2022/texmf-dist/tex/latex/beam
er/beamerbasetwoscreens.sty)
(/Volumes/Macintosh HD - Daten/usr/local/texlive/2022/texmf-dist/tex/latex/beam
er/beamerbaseoverlay.sty
\beamer@argscount=\count306
\beamer@lastskipcover=\skip50
\beamer@trivlistdepth=\count307
)
(/Volumes/Macintosh HD - Daten/usr/local/texlive/2022/texmf-dist/tex/latex/beam
er/beamerbasetitle.sty)
(/Volumes/Macintosh HD - Daten/usr/local/texlive/2022/texmf-dist/tex/latex/beam
er/beamerbasesection.sty
\c@lecture=\count308
\c@part=\count309
\c@section=\count310
\c@subsection=\count311
\c@subsubsection=\count312
)
(/Volumes/Macintosh HD - Daten/usr/local/texlive/2022/texmf-dist/tex/latex/beam
er/beamerbaseframe.sty
\beamer@framebox=\box65
\beamer@frametitlebox=\box66
\beamer@zoombox=\box67
\beamer@zoomcount=\count313
\beamer@zoomframecount=\count314
\beamer@frametextheight=\dimen269
\c@subsectionslide=\count315
\beamer@frametopskip=\skip51
\beamer@framebottomskip=\skip52
\beamer@frametopskipautobreak=\skip53
\beamer@framebottomskipautobreak=\skip54
\beamer@envbody=\toks29
\framewidth=\dimen270
\c@framenumber=\count316
)
(/Volumes/Macintosh HD - Daten/usr/local/texlive/2022/texmf-dist/tex/latex/beam
er/beamerbaseverbatim.sty
\beamer@verbatimfileout=\write4
)
(/Volumes/Macintosh HD - Daten/usr/local/texlive/2022/texmf-dist/tex/latex/beam
er/beamerbaseframesize.sty
\beamer@splitbox=\box68
\beamer@autobreakcount=\count317
\beamer@autobreaklastheight=\dimen271
\beamer@frametitletoks=\toks30
\beamer@framesubtitletoks=\toks31
)
(/Volumes/Macintosh HD - Daten/usr/local/texlive/2022/texmf-dist/tex/latex/beam
er/beamerbaseframecomponents.sty
\beamer@footins=\box69
)
(/Volumes/Macintosh HD - Daten/usr/local/texlive/2022/texmf-dist/tex/latex/beam
er/beamerbasecolor.sty)
(/Volumes/Macintosh HD - Daten/usr/local/texlive/2022/texmf-dist/tex/latex/beam
er/beamerbasenotes.sty
\beamer@frameboxcopy=\box70
)
(/Volumes/Macintosh HD - Daten/usr/local/texlive/2022/texmf-dist/tex/latex/beam
er/beamerbasetoc.sty)
(/Volumes/Macintosh HD - Daten/usr/local/texlive/2022/texmf-dist/tex/latex/beam
er/beamerbasetemplates.sty
\beamer@sbttoks=\toks32

(/Volumes/Macintosh HD - Daten/usr/local/texlive/2022/texmf-dist/tex/latex/beam
er/beamerbaseauxtemplates.sty
(/Volumes/Macintosh HD - Daten/usr/local/texlive/2022/texmf-dist/tex/latex/beam
er/beamerbaseboxes.sty
\bmb@box=\box71
\bmb@colorbox=\box72
\bmb@boxwidth=\dimen272
\bmb@boxheight=\dimen273
\bmb@prevheight=\dimen274
\bmb@temp=\dimen275
\bmb@dima=\dimen276
\bmb@dimb=\dimen277
\bmb@prevheight=\dimen278
)
\beamer@blockheadheight=\dimen279
))
(/Volumes/Macintosh HD - Daten/usr/local/texlive/2022/texmf-dist/tex/latex/beam
er/beamerbaselocalstructure.sty
(/Volumes/Macintosh HD - Daten/usr/local/texlive/2022/texmf-dist/tex/latex/tool
s/enumerate.sty
Package: enumerate 2015/07/23 v3.00 enumerate extensions (DPC)
\@enLab=\toks33
)
\beamer@bibiconwidth=\skip55
\c@figure=\count318
\c@table=\count319
\abovecaptionskip=\skip56
\belowcaptionskip=\skip57
)
(/Volumes/Macintosh HD - Daten/usr/local/texlive/2022/texmf-dist/tex/latex/beam
er/beamerbasenavigation.sty
\beamer@section@min@dim=\dimen280
)
(/Volumes/Macintosh HD - Daten/usr/local/texlive/2022/texmf-dist/tex/latex/beam
er/beamerbasetheorems.sty
(/Volumes/Macintosh HD - Daten/usr/local/texlive/2022/texmf-dist/tex/latex/amsm
ath/amsmath.sty
Package: amsmath 2021/10/15 v2.17l AMS math features
\@mathmargin=\skip58

For additional information on amsmath, use the `?' option.

(/Volumes/Macintosh HD - Daten/usr/local/texlive/2022/texmf-dist/tex/latex/amsm
ath/amstext.sty
Package: amstext 2021/08/26 v2.01 AMS text

(/Volumes/Macintosh HD - Daten/usr/local/texlive/2022/texmf-dist/tex/latex/amsm
ath/amsgen.sty
File: amsgen.sty 1999/11/30 v2.0 generic functions
\@emptytoks=\toks34
\ex@=\dimen281
))
(/Volumes/Macintosh HD - Daten/usr/local/texlive/2022/texmf-dist/tex/latex/amsm
ath/amsbsy.sty
Package: amsbsy 1999/11/29 v1.2d Bold Symbols
\pmbraise@=\dimen282
)
(/Volumes/Macintosh HD - Daten/usr/local/texlive/2022/texmf-dist/tex/latex/amsm
ath/amsopn.sty
Package: amsopn 2021/08/26 v2.02 operator names
)
\inf@bad=\count320
LaTeX Info: Redefining \frac on input line 234.
\uproot@=\count321
\leftroot@=\count322
LaTeX Info: Redefining \overline on input line 399.
\classnum@=\count323
\DOTSCASE@=\count324
LaTeX Info: Redefining \ldots on input line 496.
LaTeX Info: Redefining \dots on input line 499.
LaTeX Info: Redefining \cdots on input line 620.
\Mathstrutbox@=\box73
\strutbox@=\box74
\big@size=\dimen283
LaTeX Font Info:    Redeclaring font encoding OML on input line 743.
LaTeX Font Info:    Redeclaring font encoding OMS on input line 744.
\macc@depth=\count325
\c@MaxMatrixCols=\count326
\dotsspace@=\muskip17
\c@parentequation=\count327
\dspbrk@lvl=\count328
\tag@help=\toks35
\row@=\count329
\column@=\count330
\maxfields@=\count331
\andhelp@=\toks36
\eqnshift@=\dimen284
\alignsep@=\dimen285
\tagshift@=\dimen286
\tagwidth@=\dimen287
\totwidth@=\dimen288
\lineht@=\dimen289
\@envbody=\toks37
\multlinegap=\skip59
\multlinetaggap=\skip60
\mathdisplay@stack=\toks38
LaTeX Info: Redefining \[ on input line 2938.
LaTeX Info: Redefining \] on input line 2939.
)
(/Volumes/Macintosh HD - Daten/usr/local/texlive/2022/texmf-dist/tex/latex/amsc
ls/amsthm.sty
Package: amsthm 2020/05/29 v2.20.6
\thm@style=\toks39
\thm@bodyfont=\toks40
\thm@headfont=\toks41
\thm@notefont=\toks42
\thm@headpunct=\toks43
\thm@preskip=\skip61
\thm@postskip=\skip62
\thm@headsep=\skip63
\dth@everypar=\toks44
)
\c@theorem=\count332
)
(/Volumes/Macintosh HD - Daten/usr/local/texlive/2022/texmf-dist/tex/latex/beam
er/beamerbasethemes.sty))
(/Volumes/Macintosh HD - Daten/usr/local/texlive/2022/texmf-dist/tex/latex/beam
er/beamerthemedefault.sty
(/Volumes/Macintosh HD - Daten/usr/local/texlive/2022/texmf-dist/tex/latex/beam
er/beamerfontthemedefault.sty)
(/Volumes/Macintosh HD - Daten/usr/local/texlive/2022/texmf-dist/tex/latex/beam
er/beamercolorthemedefault.sty)
(/Volumes/Macintosh HD - Daten/usr/local/texlive/2022/texmf-dist/tex/latex/beam
er/beamerinnerthemedefault.sty
\beamer@dima=\dimen290
\beamer@dimb=\dimen291
)
(/Volumes/Macintosh HD - Daten/usr/local/texlive/2022/texmf-dist/tex/latex/beam
er/beamerouterthemedefault.sty)))
(/Volumes/Macintosh HD - Daten/usr/local/texlive/2022/texmf-dist/tex/latex/base
/inputenc.sty
Package: inputenc 2021/02/14 v1.3d Input encoding file
\inpenc@prehook=\toks45
\inpenc@posthook=\toks46
)
(/Volumes/Macintosh HD - Daten/usr/local/texlive/2022/texmf-dist/tex/latex/base
/fontenc.sty
Package: fontenc 2021/04/29 v2.0v Standard LaTeX package
)
(/Volumes/Macintosh HD - Daten/usr/local/texlive/2022/texmf-dist/tex/latex/tool
s/longtable.sty
Package: longtable 2021-09-01 v4.17 Multi-page Table package (DPC)
\LTleft=\skip64
\LTright=\skip65
\LTpre=\skip66
\LTpost=\skip67
\LTchunksize=\count333
\LTcapwidth=\dimen292
\LT@head=\box75
\LT@firsthead=\box76
\LT@foot=\box77
\LT@lastfoot=\box78
\LT@gbox=\box79
\LT@cols=\count334
\LT@rows=\count335
\c@LT@tables=\count336
\c@LT@chunks=\count337
\LT@p@ftn=\toks47
)
(/Volumes/Macintosh HD - Daten/usr/local/texlive/2022/texmf-dist/tex/latex/wrap
fig/wrapfig.sty
\wrapoverhang=\dimen293
\WF@size=\dimen294
\c@WF@wrappedlines=\count338
\WF@box=\box80
\WF@everypar=\toks48
Package: wrapfig 2003/01/31  v 3.6
)
(/Volumes/Macintosh HD - Daten/usr/local/texlive/2022/texmf-dist/tex/latex/grap
hics/rotating.sty
Package: rotating 2016/08/11 v2.16d rotated objects in LaTeX

(/Volumes/Macintosh HD - Daten/usr/local/texlive/2022/texmf-dist/tex/latex/base
/ifthen.sty
Package: ifthen 2020/11/24 v1.1c Standard LaTeX ifthen package (DPC)
)
\c@r@tfl@t=\count339
\rotFPtop=\skip68
\rotFPbot=\skip69
\rot@float@box=\box81
\rot@mess@toks=\toks49
)
(/Volumes/Macintosh HD - Daten/usr/local/texlive/2022/texmf-dist/tex/generic/ul
em/ulem.sty
\UL@box=\box82
\UL@hyphenbox=\box83
\UL@skip=\skip70
\UL@hook=\toks50
\UL@height=\dimen295
\UL@pe=\count340
\UL@pixel=\dimen296
\ULC@box=\box84
Package: ulem 2019/11/18
\ULdepth=\dimen297
)
(/Volumes/Macintosh HD - Daten/usr/local/texlive/2022/texmf-dist/tex/latex/capt
-of/capt-of.sty
Package: capt-of 2009/12/29 v0.2 standard captions outside of floats
)
(/Volumes/Macintosh HD - Daten/usr/local/texlive/2022/texmf-dist/tex/latex/beam
er/beamerthemeMadrid.sty
(/Volumes/Macintosh HD - Daten/usr/local/texlive/2022/texmf-dist/tex/latex/beam
er/beamercolorthemewhale.sty)
(/Volumes/Macintosh HD - Daten/usr/local/texlive/2022/texmf-dist/tex/latex/beam
er/beamercolorthemeorchid.sty)
(/Volumes/Macintosh HD - Daten/usr/local/texlive/2022/texmf-dist/tex/latex/beam
er/beamerinnerthemerounded.sty)
(/Volumes/Macintosh HD - Daten/usr/local/texlive/2022/texmf-dist/tex/latex/beam
er/beamerouterthemeinfolines.sty))
(/Volumes/Macintosh HD - Daten/usr/local/texlive/2022/texmf-dist/tex/latex/beam
er/beamerfontthemeserif.sty) (.//preamble.tex)

Package hyperref Warning: Token not allowed in a PDF string (Unicode):
(hyperref)                removing `\newline' on input line 33.


(/Volumes/Macintosh HD - Daten/usr/local/texlive/2022/texmf-dist/tex/latex/l3ba
ckend/l3backend-pdftex.def
File: l3backend-pdftex.def 2022-02-07 L3 backend support: PDF output (pdfTeX)
\l__color_backend_stack_int=\count341
\l__pdf_internal_box=\box85
) (.//slides.aux)
\openout1 = `slides.aux'.

LaTeX Font Info:    Checking defaults for OML/cmm/m/it on input line 34.
LaTeX Font Info:    ... okay on input line 34.
LaTeX Font Info:    Checking defaults for OMS/cmsy/m/n on input line 34.
LaTeX Font Info:    ... okay on input line 34.
LaTeX Font Info:    Checking defaults for OT1/cmr/m/n on input line 34.
LaTeX Font Info:    ... okay on input line 34.
LaTeX Font Info:    Checking defaults for T1/cmr/m/n on input line 34.
LaTeX Font Info:    ... okay on input line 34.
LaTeX Font Info:    Checking defaults for TS1/cmr/m/n on input line 34.
LaTeX Font Info:    ... okay on input line 34.
LaTeX Font Info:    Checking defaults for OMX/cmex/m/n on input line 34.
LaTeX Font Info:    ... okay on input line 34.
LaTeX Font Info:    Checking defaults for U/cmr/m/n on input line 34.
LaTeX Font Info:    ... okay on input line 34.
LaTeX Font Info:    Checking defaults for PD1/pdf/m/n on input line 34.
LaTeX Font Info:    ... okay on input line 34.
LaTeX Font Info:    Checking defaults for PU/pdf/m/n on input line 34.
LaTeX Font Info:    ... okay on input line 34.

*geometry* driver: auto-detecting
*geometry* detected driver: pdftex
*geometry* verbose mode - [ preamble ] result:
* driver: pdftex
* paper: custom
* layout: <same size as paper>
* layoutoffset:(h,v)=(0.0pt,0.0pt)
* modes: includehead includefoot 
* h-part:(L,W,R)=(9.99756pt, 344.20024pt, 9.99756pt)
* v-part:(T,H,B)=(0.0pt, 273.14662pt, 0.0pt)
* \paperwidth=364.19536pt
* \paperheight=273.14662pt
* \textwidth=344.20024pt
* \textheight=244.6939pt
* \oddsidemargin=-62.27243pt
* \evensidemargin=-62.27243pt
* \topmargin=-72.26999pt
* \headheight=14.22636pt
* \headsep=0.0pt
* \topskip=10.0pt
* \footskip=14.22636pt
* \marginparwidth=3.0pt
* \marginparsep=11.0pt
* \columnsep=10.0pt
* \skip\footins=9.0pt plus 4.0pt minus 2.0pt
* \hoffset=0.0pt
* \voffset=0.0pt
* \mag=1000
* \@twocolumnfalse
* \@twosidefalse
* \@mparswitchfalse
* \@reversemarginfalse
* (1in=72.27pt=25.4mm, 1cm=28.453pt)


(/Volumes/Macintosh HD - Daten/usr/local/texlive/2022/texmf-dist/tex/context/ba
se/mkii/supp-pdf.mkii
[Loading MPS to PDF converter (version 2006.09.02).]
\scratchcounter=\count342
\scratchdimen=\dimen298
\scratchbox=\box86
\nofMPsegments=\count343
\nofMParguments=\count344
\everyMPshowfont=\toks51
\MPscratchCnt=\count345
\MPscratchDim=\dimen299
\MPnumerator=\count346
\makeMPintoPDFobject=\count347
\everyMPtoPDFconversion=\toks52
)
(/Volumes/Macintosh HD - Daten/usr/local/texlive/2022/texmf-dist/tex/latex/epst
opdf-pkg/epstopdf-base.sty
Package: epstopdf-base 2020-01-24 v2.11 Base part for package epstopdf
Package epstopdf-base Info: Redefining graphics rule for `.eps' on input line 4
85.

(/Volumes/Macintosh HD - Daten/usr/local/texlive/2022/texmf-dist/tex/latex/late
xconfig/epstopdf-sys.cfg
File: epstopdf-sys.cfg 2010/07/13 v1.3 Configuration of (r)epstopdf for TeX Liv
e
))
Package hyperref Info: Link coloring OFF on input line 34.

(/Volumes/Macintosh HD - Daten/usr/local/texlive/2022/texmf-dist/tex/latex/hype
rref/nameref.sty
Package: nameref 2021-04-02 v2.47 Cross-referencing by name of section

(/Volumes/Macintosh HD - Daten/usr/local/texlive/2022/texmf-dist/tex/latex/refc
ount/refcount.sty
Package: refcount 2019/12/15 v3.6 Data extraction from label references (HO)
)
(/Volumes/Macintosh HD - Daten/usr/local/texlive/2022/texmf-dist/tex/generic/ge
ttitlestring/gettitlestring.sty
Package: gettitlestring 2019/12/15 v1.6 Cleanup title references (HO)
)
\c@section@level=\count348
)
LaTeX Info: Redefining \ref on input line 34.
LaTeX Info: Redefining \pageref on input line 34.
LaTeX Info: Redefining \nameref on input line 34.
 (.//slides.out) (.//slides.out)
\@outlinefile=\write5
\openout5 = `slides.out'.


(/Volumes/Macintosh HD - Daten/usr/local/texlive/2022/texmf-dist/tex/latex/tran
slator/translator-basic-dictionary-English.dict
Dictionary: translator-basic-dictionary, Language: English 
)
(/Volumes/Macintosh HD - Daten/usr/local/texlive/2022/texmf-dist/tex/latex/tran
slator/translator-bibliography-dictionary-English.dict
Dictionary: translator-bibliography-dictionary, Language: English 
)
(/Volumes/Macintosh HD - Daten/usr/local/texlive/2022/texmf-dist/tex/latex/tran
slator/translator-environment-dictionary-English.dict
Dictionary: translator-environment-dictionary, Language: English 
)
(/Volumes/Macintosh HD - Daten/usr/local/texlive/2022/texmf-dist/tex/latex/tran
slator/translator-months-dictionary-English.dict
Dictionary: translator-months-dictionary, Language: English 
)
(/Volumes/Macintosh HD - Daten/usr/local/texlive/2022/texmf-dist/tex/latex/tran
slator/translator-numbers-dictionary-English.dict
Dictionary: translator-numbers-dictionary, Language: English 
)
(/Volumes/Macintosh HD - Daten/usr/local/texlive/2022/texmf-dist/tex/latex/tran
slator/translator-theorem-dictionary-English.dict
Dictionary: translator-theorem-dictionary, Language: English 
) (.//slides.nav)
Overfull \hbox (104.77126pt too wide) in paragraph at lines 34--34
 [][]  \T1/cmss/m/n/5 ([])  
 []


Overfull \hbox (104.77126pt too wide) has occurred while \output is active
 [][]  \T1/cmss/m/n/5 ([])  
 []

[1

{/Volumes/Macintosh HD - Daten/usr/local/texlive/2022/texmf-var/fonts/map/pdfte
x/updmap/pdftex.map}]
Overfull \hbox (104.77126pt too wide) has occurred while \output is active
 [][]  \T1/cmss/m/n/5 ([])  
 []

[2

]
<figures/heatmap.png, id=140, 800.0289pt x 325.4559pt>
File: figures/heatmap.png Graphic file (type png)
<use figures/heatmap.png>
Package pdftex.def Info: figures/heatmap.png  used on input line 45.
(pdftex.def)             Requested size: 344.20024pt x 140.02277pt.

Overfull \hbox (104.77126pt too wide) has occurred while \output is active
 [][]  \T1/cmss/m/n/5 ([])  
 []

[3

 <.//figures/heatmap.png>]
<figures/PCA.png, id=175, 727.7589pt x 334.6101pt>
File: figures/PCA.png Graphic file (type png)
<use figures/PCA.png>
Package pdftex.def Info: figures/PCA.png  used on input line 52.
(pdftex.def)             Requested size: 344.20024pt x 158.25728pt.

Overfull \hbox (104.77126pt too wide) has occurred while \output is active
 [][]  \T1/cmss/m/n/5 ([])  
 []

[4

 <.//figures/PCA.png>]
<figures/swiss_roll.png, id=206, 1796.7125pt x 475.7775pt>
File: figures/swiss_roll.png Graphic file (type png)
<use figures/swiss_roll.png>
Package pdftex.def Info: figures/swiss_roll.png  used on input line 59.
(pdftex.def)             Requested size: 344.20024pt x 91.14641pt.

Overfull \hbox (104.77126pt too wide) has occurred while \output is active
 [][]  \T1/cmss/m/n/5 ([])  
 []

[5

 <.//figures/swiss_roll.png>]
<figures/rank2_approx.png, id=237, 947.9415pt x 500.5902pt>
File: figures/rank2_approx.png Graphic file (type png)
<use figures/rank2_approx.png>
Package pdftex.def Info: figures/rank2_approx.png  used on input line 66.
(pdftex.def)             Requested size: 344.20024pt x 181.76292pt.

Overfull \hbox (104.77126pt too wide) has occurred while \output is active
 [][]  \T1/cmss/m/n/5 ([])  
 []

[6

 <.//figures/rank2_approx.png>]
Overfull \hbox (104.77126pt too wide) has occurred while \output is active
 [][]  \T1/cmss/m/n/5 ([])  
 []

[7

]
<figures/example_proj.png, id=303, 2774.365pt x 929.4725pt>
File: figures/example_proj.png Graphic file (type png)
<use figures/example_proj.png>
Package pdftex.def Info: figures/example_proj.png  used on input line 86.
(pdftex.def)             Requested size: 344.20024pt x 115.30446pt.

Overfull \hbox (104.77126pt too wide) has occurred while \output is active
 [][]  \T1/cmss/m/n/5 ([])  
 []

[8

 <.//figures/example_proj.png>]
Overfull \hbox (104.77126pt too wide) has occurred while \output is active
 [][]  \T1/cmss/m/n/5 ([])  
 []

[9

]
Overfull \hbox (104.77126pt too wide) has occurred while \output is active
 [][]  \T1/cmss/m/n/5 ([])  
 []

[10

]
File: figures/swiss_roll.png Graphic file (type png)
<use figures/swiss_roll.png>
Package pdftex.def Info: figures/swiss_roll.png  used on input line 125.
(pdftex.def)             Requested size: 344.20024pt x 91.14641pt.

Overfull \hbox (104.77126pt too wide) has occurred while \output is active
 [][]  \T1/cmss/m/n/5 ([])  
 []

[11

]
<figures/pca_illustration.png, id=438, 462.2871pt x 181.3977pt>
File: figures/pca_illustration.png Graphic file (type png)
<use figures/pca_illustration.png>
Package pdftex.def Info: figures/pca_illustration.png  used on input line 138.
(pdftex.def)             Requested size: 344.20024pt x 135.06256pt.

Overfull \hbox (104.77126pt too wide) has occurred while \output is active
 [][]  \T1/cmss/m/n/5 ([])  
 []

[12

 <.//figures/pca_illustration.png>]
<figures/one_odour_response.png, id=469, 734.2632pt x 275.5896pt>
File: figures/one_odour_response.png Graphic file (type png)
<use figures/one_odour_response.png>
Package pdftex.def Info: figures/one_odour_response.png  used on input line 151
.
(pdftex.def)             Requested size: 344.20024pt x 129.1865pt.
LaTeX Font Info:    Trying to load font information for U+msa on input line 151
.

(/Volumes/Macintosh HD - Daten/usr/local/texlive/2022/texmf-dist/tex/latex/amsf
onts/umsa.fd
File: umsa.fd 2013/01/14 v3.01 AMS symbols A
)
LaTeX Font Info:    Trying to load font information for U+msb on input line 151
.

(/Volumes/Macintosh HD - Daten/usr/local/texlive/2022/texmf-dist/tex/latex/amsf
onts/umsb.fd
File: umsb.fd 2013/01/14 v3.01 AMS symbols B
)
Overfull \hbox (104.77126pt too wide) has occurred while \output is active
 [][]  \T1/cmss/m/n/5 ([])  
 []

[13

 <.//figures/one_odour_response.png>]
File: figures/one_odour_response.png Graphic file (type png)
<use figures/one_odour_response.png>
Package pdftex.def Info: figures/one_odour_response.png  used on input line 167
.
(pdftex.def)             Requested size: 344.20024pt x 129.1865pt.

Overfull \hbox (104.77126pt too wide) has occurred while \output is active
 [][]  \T1/cmss/m/n/5 ([])  
 []

[14

]
<figures/projections.png, id=541, 567.0786pt x 282.0939pt>
File: figures/projections.png Graphic file (type png)
<use figures/projections.png>
Package pdftex.def Info: figures/projections.png  used on input line 173.
(pdftex.def)             Requested size: 344.20024pt x 171.22475pt.

Overfull \hbox (104.77126pt too wide) has occurred while \output is active
 [][]  \T1/cmss/m/n/5 ([])  
 []

[15

 <.//figures/projections.png>]
<figures/neuron0.png, id=573, 686.565pt x 165.4983pt>
File: figures/neuron0.png Graphic file (type png)
<use figures/neuron0.png>
Package pdftex.def Info: figures/neuron0.png  used on input line 187.
(pdftex.def)             Requested size: 344.20024pt x 82.96863pt.


Package amsmath Warning: Foreign command \over;
(amsmath)                \frac or \genfrac should be used instead
(amsmath)                 on input line 187.


Overfull \hbox (104.77126pt too wide) has occurred while \output is active
 [][]  \T1/cmss/m/n/5 ([])  
 []

[16

 <.//figures/neuron0.png>]
<figures/variance_vs_mad.png, id=605, 418.9251pt x 318.4698pt>
File: figures/variance_vs_mad.png Graphic file (type png)
<use figures/variance_vs_mad.png>
Package pdftex.def Info: figures/variance_vs_mad.png  used on input line 198.
(pdftex.def)             Requested size: 172.10011pt x 130.83101pt.

Overfull \hbox (104.77126pt too wide) has occurred while \output is active
 [][]  \T1/cmss/m/n/5 ([])  
 []

[17

 <.//figures/variance_vs_mad.png>]
<figures/correlation.png, id=638, 861.4584pt x 283.2984pt>
File: figures/correlation.png Graphic file (type png)
<use figures/correlation.png>
Package pdftex.def Info: figures/correlation.png  used on input line 214.
(pdftex.def)             Requested size: 344.20024pt x 113.19199pt.

! Misplaced alignment tab character &.
\beamer@doifinframe ...other: $$ \cov (x_1, x_2) &
                                                  = \langle (x_{1,\mu } - \o...
l.214 \end{frame}
                 
I can't figure out why you would want to use a tab mark
here. If you just want an ampersand, the remedy is
simple: Just type `I\&' now. But if some right brace
up above has ended a previous alignment prematurely,
you're probably due for more error messages, and you
might try typing `S' now just to see what is salvageable.


Overfull \hbox (104.77126pt too wide) has occurred while \output is active
 [][]  \T1/cmss/m/n/5 ([])  
 []

[18

 <.//figures/correlation.png>]
<figures/covariance_matrix.png, id=668, 860.013pt x 281.853pt>
File: figures/covariance_matrix.png Graphic file (type png)
<use figures/covariance_matrix.png>
Package pdftex.def Info: figures/covariance_matrix.png  used on input line 228.

(pdftex.def)             Requested size: 344.20024pt x 112.80371pt.

Overfull \hbox (104.77126pt too wide) has occurred while \output is active
 [][]  \T1/cmss/m/n/5 ([])  
 []

[19

 <.//figures/covariance_matrix.png>]
Overfull \hbox (104.77126pt too wide) has occurred while \output is active
 [][]  \T1/cmss/m/n/5 ([])  
 []

[20

]
File: figures/pca_illustration.png Graphic file (type png)
<use figures/pca_illustration.png>
Package pdftex.def Info: figures/pca_illustration.png  used on input line 245.
(pdftex.def)             Requested size: 344.20024pt x 135.06256pt.

Overfull \hbox (104.77126pt too wide) has occurred while \output is active
 [][]  \T1/cmss/m/n/5 ([])  
 []

[21

]
Overfull \hbox (104.77126pt too wide) has occurred while \output is active
 [][]  \T1/cmss/m/n/5 ([])  
 []

[22

]
<figures/coordinate_transform.png, id=801, 860.2539pt x 280.8894pt>
File: figures/coordinate_transform.png Graphic file (type png)
<use figures/coordinate_transform.png>
Package pdftex.def Info: figures/coordinate_transform.png  used on input line 2
80.
(pdftex.def)             Requested size: 344.20024pt x 112.38805pt.

Overfull \hbox (104.77126pt too wide) has occurred while \output is active
 [][]  \T1/cmss/m/n/5 ([])  
 []

[23

 <.//figures/coordinate_transform.png>]
Overfull \hbox (104.77126pt too wide) has occurred while \output is active
 [][]  \T1/cmss/m/n/5 ([])  
 []

[24

]
Overfull \hbox (104.77126pt too wide) has occurred while \output is active
 [][]  \T1/cmss/m/n/5 ([])  
 []

[25

]
Overfull \hbox (104.77126pt too wide) has occurred while \output is active
 [][]  \T1/cmss/m/n/5 ([])  
 []

[26

]
File: figures/covariance_matrix.png Graphic file (type png)
<use figures/covariance_matrix.png>
Package pdftex.def Info: figures/covariance_matrix.png  used on input line 327.

(pdftex.def)             Requested size: 344.20024pt x 112.80371pt.

Overfull \hbox (104.77126pt too wide) has occurred while \output is active
 [][]  \T1/cmss/m/n/5 ([])  
 []

[27

]
Overfull \hbox (104.77126pt too wide) has occurred while \output is active
 [][]  \T1/cmss/m/n/5 ([])  
 []

[28

]
Overfull \hbox (104.77126pt too wide) has occurred while \output is active
 [][]  \T1/cmss/m/n/5 ([])  
 []

[29

]
! Missing $ inserted.
<inserted text> 
                $
l.354 \end{frame}
                 
I've inserted a begin-math/end-math symbol since I think
you left one out. Proceed, with fingers crossed.

! Missing $ inserted.
<inserted text> 
                $
l.354 \end{frame}
                 
I've inserted something that you may have forgotten.
(See the <inserted text> above.)
With luck, this will get me unwedged. But if you
really didn't forget anything, try typing `2' now; then
my insertion and my current dilemma will both disappear.


Overfull \hbox (104.77126pt too wide) has occurred while \output is active
 [][]  \T1/cmss/m/n/5 ([])  
 []

[30

]
Overfull \hbox (104.77126pt too wide) has occurred while \output is active
 [][]  \T1/cmss/m/n/5 ([])  
 []

[31

]
Overfull \hbox (104.77126pt too wide) has occurred while \output is active
 [][]  \T1/cmss/m/n/5 ([])  
 []

[32

]
! Missing $ inserted.
<inserted text> 
                $
l.381 \end{frame}
                 
I've inserted a begin-math/end-math symbol since I think
you left one out. Proceed, with fingers crossed.

! Missing $ inserted.
<inserted text> 
                $
l.381 \end{frame}
                 
I've inserted something that you may have forgotten.
(See the <inserted text> above.)
With luck, this will get me unwedged. But if you
really didn't forget anything, try typing `2' now; then
my insertion and my current dilemma will both disappear.

! Missing $ inserted.
<inserted text> 
                $
l.381 \end{frame}
                 
I've inserted a begin-math/end-math symbol since I think
you left one out. Proceed, with fingers crossed.

! Missing $ inserted.
<inserted text> 
                $
l.381 \end{frame}
                 
I've inserted something that you may have forgotten.
(See the <inserted text> above.)
With luck, this will get me unwedged. But if you
really didn't forget anything, try typing `2' now; then
my insertion and my current dilemma will both disappear.

! Missing $ inserted.
<inserted text> 
                $
l.381 \end{frame}
                 
I've inserted a begin-math/end-math symbol since I think
you left one out. Proceed, with fingers crossed.

! Missing $ inserted.
<inserted text> 
                $
l.381 \end{frame}
                 
I've inserted something that you may have forgotten.
(See the <inserted text> above.)
With luck, this will get me unwedged. But if you
really didn't forget anything, try typing `2' now; then
my insertion and my current dilemma will both disappear.

! Missing $ inserted.
<inserted text> 
                $
l.381 \end{frame}
                 
I've inserted a begin-math/end-math symbol since I think
you left one out. Proceed, with fingers crossed.

! Missing $ inserted.
<inserted text> 
                $
l.381 \end{frame}
                 
I've inserted something that you may have forgotten.
(See the <inserted text> above.)
With luck, this will get me unwedged. But if you
really didn't forget anything, try typing `2' now; then
my insertion and my current dilemma will both disappear.

! Missing $ inserted.
<inserted text> 
                $
l.381 \end{frame}
                 
I've inserted a begin-math/end-math symbol since I think
you left one out. Proceed, with fingers crossed.

! Missing $ inserted.
<inserted text> 
                $
l.381 \end{frame}
                 
I've inserted something that you may have forgotten.
(See the <inserted text> above.)
With luck, this will get me unwedged. But if you
really didn't forget anything, try typing `2' now; then
my insertion and my current dilemma will both disappear.

! Missing $ inserted.
<inserted text> 
                $
l.381 \end{frame}
                 
I've inserted a begin-math/end-math symbol since I think
you left one out. Proceed, with fingers crossed.

! Missing $ inserted.
<inserted text> 
                $
l.381 \end{frame}
                 
I've inserted something that you may have forgotten.
(See the <inserted text> above.)
With luck, this will get me unwedged. But if you
really didn't forget anything, try typing `2' now; then
my insertion and my current dilemma will both disappear.


Overfull \hbox (104.77126pt too wide) has occurred while \output is active
 [][]  \T1/cmss/m/n/5 ([])  
 []

[33

]
Overfull \hbox (104.77126pt too wide) has occurred while \output is active
 [][]  \T1/cmss/m/n/5 ([])  
 []

[34

]
<figures/svd_parts.png, id=1178, 1027.84pt x 930.47626pt>
File: figures/svd_parts.png Graphic file (type png)
<use figures/svd_parts.png>
Package pdftex.def Info: figures/svd_parts.png  used on input line 402.
(pdftex.def)             Requested size: 206.52223pt x 186.95802pt.

Overfull \hbox (104.77126pt too wide) has occurred while \output is active
 [][]  \T1/cmss/m/n/5 ([])  
 []

[35

 <.//figures/svd_parts.png>]
<figures/svd_blocks.png, id=1209, 702.625pt x 317.185pt>
File: figures/svd_blocks.png Graphic file (type png)
<use figures/svd_blocks.png>
Package pdftex.def Info: figures/svd_blocks.png  used on input line 409.
(pdftex.def)             Requested size: 275.36124pt x 124.30663pt.

Overfull \hbox (104.77126pt too wide) has occurred while \output is active
 [][]  \T1/cmss/m/n/5 ([])  
 []

[36

 <.//figures/svd_blocks.png>]
Overfull \vbox (5.67894pt too high) detected at line 420
 []


Overfull \hbox (104.77126pt too wide) has occurred while \output is active
 [][]  \T1/cmss/m/n/5 ([])  
 []

[37

]
! Missing $ inserted.
<inserted text> 
                $
l.433 \end{frame}
                 
I've inserted a begin-math/end-math symbol since I think
you left one out. Proceed, with fingers crossed.

! Missing $ inserted.
<inserted text> 
                $
l.433 \end{frame}
                 
I've inserted something that you may have forgotten.
(See the <inserted text> above.)
With luck, this will get me unwedged. But if you
really didn't forget anything, try typing `2' now; then
my insertion and my current dilemma will both disappear.


Overfull \hbox (104.77126pt too wi